12/03/13 03:08:31 : 24763931050 words in 18.0116 secs;  1374889362 pass/sec :: [adqlcxcsk,agspjtyux]
12/03/13 03:08:50 : 24763931050 words in 18.4977 secs;  1338756878 pass/sec :: [agspjtyuy,ajutqquxl]
12/03/13 03:09:03 : 24763931050 words in 12.8924 secs;  1920823392 pass/sec :: [ajutqquxm,amwxxnqzz]
12/03/13 03:09:21 : 24763931050 words in 17.9599 secs;  1378843941 pass/sec :: [amwxxnraa,apzcekncn]
12/03/13 03:09:40 : 24763931050 words in 19.2240 secs;  1288177790 pass/sec :: [apzceknco,atbglhjfb]
12/03/13 03:09:57 : 24763931050 words in 17.0499 secs;  1452435603 pass/sec :: [atbglhjfc,awdksefhp]
12/03/13 03:10:14 : 24763931050 words in 17.5474 secs;  1411262019 pass/sec :: [awdksefhq,azfozbbkd]
12/03/13 03:10:32 : 24763931050 words in 17.7609 secs;  1394297355 pass/sec :: [azfozbbke,bchtfxxmr]
12/03/13 03:10:50 : 24763931050 words in 17.9841 secs;  1376990207 pass/sec :: [bchtfxxms,bfjxmutpf]
12/03/13 03:10:59 : 24763931050 words in  8.8597 secs;  2795109750 pass/sec :: [bfjxmutpg,bimbtrprt]
12/03/13 03:10:59 : ########### Client Statistics #############
12/03/13 03:10:59 : Total Time   : 165.892058
12/03/13 03:10:59 : Process Time : 165.787566
12/03/13 03:10:59 : Sleep Time   : 0.000000
12/03/13 03:10:59 : Pass/Sec     : 1920823392
12/03/13 03:10:59 : ########### Client Statistics #############
12/03/13 03:10:59 : ########### Client Statistics #############
12/03/13 03:10:59 : Total Time   : 165.892058
12/03/13 03:10:59 : Process Time : 165.787566
12/03/13 03:10:59 : Sleep Time   : 0.000000
12/03/13 03:10:59 : Pass/Sec     : 1920823392
12/03/13 03:10:59 : ########### Client Statistics #############
12/03/13 03:17:03 : 24763931050 words in 19.5012 secs;  1269864818 pass/sec :: [ahgwfufku,akjamrbnh]
12/03/13 03:17:23 : 24763931050 words in 19.6969 secs;  1257250931 pass/sec :: [akjamrbni,anletnxpv]
12/03/13 03:17:42 : 24763931050 words in 19.0415 secs;  1300521317 pass/sec :: [anletnxpw,aqnjaktsj]
12/03/13 03:18:01 : 24763931050 words in 18.6062 secs;  1330946980 pass/sec :: [aqnjaktsk,atpnhhpux]
12/03/13 03:18:19 : 24763931050 words in 18.0958 secs;  1368491678 pass/sec :: [atpnhhpuy,awrroelxl]
12/03/13 03:18:37 : 24763931050 words in 18.0994 secs;  1368221131 pass/sec :: [awrroelxm,aztvvbhzz]
12/03/13 03:18:57 : 24763931050 words in 20.5049 secs;  1207708022 pass/sec :: [aztvvbiaa,bcwabyecn]
12/03/13 03:19:12 : 24763931050 words in 14.7036 secs;  1684204803 pass/sec :: [bcwabyeco,bfyeivafb]
12/03/13 03:19:20 : 24763931050 words in  7.5701 secs;  3271261977 pass/sec :: [bfyeivafc,bjaiprwhp]
12/03/13 03:19:20 : ########### Client Statistics #############
12/03/13 03:19:20 : Total Time   : 155.952491
12/03/13 03:19:20 : Process Time : 155.819740
12/03/13 03:19:20 : Sleep Time   : 0.000000
12/03/13 03:19:20 : Pass/Sec     : 1684204803
12/03/13 03:19:20 : ########### Client Statistics #############
12/03/13 03:19:20 : ########### Client Statistics #############
12/03/13 03:19:20 : Total Time   : 155.952491
12/03/13 03:19:20 : Process Time : 155.819740
12/03/13 03:19:20 : Sleep Time   : 0.000000
12/03/13 03:19:20 : Pass/Sec     : 1684204803
12/03/13 03:19:20 : ########### Client Statistics #############
12/03/13 03:20:42 : 7569790376 words in  8.5646 secs;   883842110 pass/sec :: [bmxazgi,zzzzzzz]
12/03/13 03:21:02 : 24763931050 words in 19.3048 secs;  1282785533 pass/sec :: [aaaaaaaa,dcegwwcn]
12/03/13 03:21:22 : 24763931050 words in 20.6270 secs;  1200557106 pass/sec :: [dcegwwco,geintsfb]
12/03/13 03:21:42 : 24763931050 words in 19.5932 secs;  1263903215 pass/sec :: [geintsfc,jgmuqohp]
12/03/13 03:22:02 : 24763931050 words in 19.5552 secs;  1266362424 pass/sec :: [jgmuqohq,mirbnkkd]
12/03/13 03:22:19 : 24763931050 words in 17.6108 secs;  1406181222 pass/sec :: [mirbnkke,pkvikgmr]
12/03/13 03:22:39 : 24763931050 words in 19.5961 secs;  1263718609 pass/sec :: [pkvikgms,smzphcpf]
12/03/13 03:22:58 : 24763931050 words in 19.1289 secs;  1294580925 pass/sec :: [smzphcpg,vpdwdyrt]
12/03/13 03:23:17 : 24763931050 words in 19.0468 secs;  1300161545 pass/sec :: [vpdwdyru,yridauuh]
12/03/13 03:23:26 : 10715616176 words in  8.6578 secs;  1237680639 pass/sec :: [yridauui,zzzzzzzz]
12/03/13 03:23:45 : 24763931050 words in 18.8844 secs;  1311340987 pass/sec :: [aaaaaaaaa,adcegwwcn]
12/03/13 03:24:04 : 24763931050 words in 19.6000 secs;  1263465092 pass/sec :: [brdpufuea,bufubcqgn]
12/03/13 03:24:24 : 24763931050 words in 20.2023 secs;  1225799485 pass/sec :: [bypqrmjcy,cbruyjffl]
12/03/13 03:24:37 : 24763931050 words in 12.4167 secs;  1994399895 pass/sec :: [cfmftixga,ciokaftin]
12/03/13 03:24:51 : 24763931050 words in 13.8344 secs;  1790022155 pass/sec :: [cmiuvfljc,cpkzcchlp]
12/03/13 03:25:05 : 24763931050 words in 13.8579 secs;  1786984123 pass/sec :: [ctfjxbzme,cwhodyvor]
12/03/13 03:25:16 : 24763931050 words in 11.7151 secs;  2113853318 pass/sec :: [daambxoiy,ddcqiukll]
12/03/13 03:25:35 : 24763931050 words in 18.8416 secs;  1314319364 pass/sec :: [dgxbducma,djzfkqyon]
12/03/13 03:25:48 : 24763931050 words in 12.7468 secs;  1942756413 pass/sec :: [dntqfqqpc,dqvumnmrp]
12/03/13 03:26:08 : 24763931050 words in 19.5198 secs;  1268656809 pass/sec :: [duqfhnese,dxsjokaur]
12/03/13 03:26:21 : 24763931050 words in 13.6201 secs;  1818183545 pass/sec :: [dxtjmkrqg,eavnthnst]
12/03/13 03:26:38 : 24763931050 words in 16.7938 secs;  1474588493 pass/sec :: [eepsbubny,ehrwiqxql]
12/03/13 03:26:57 : 24763931050 words in 19.2575 secs;  1285935422 pass/sec :: [ellueqhgg,eonylndit]
12/03/13 03:27:16 : 24763931050 words in 18.6235 secs;  1329714970 pass/sec :: [esijgmvji,evknnjrlv]
12/03/13 03:27:35 : 24763931050 words in 18.6375 secs;  1328711929 pass/sec :: [ezervwfha,fcgwctbjn]
12/03/13 03:27:54 : 24763931050 words in 19.6145 secs;  1262533462 pass/sec :: [ffzhbrlta,fjbliohvn]
12/03/13 03:28:14 : 24763931050 words in 19.5482 secs;  1266813745 pass/sec :: [fmtwhmsfa,fpwaojohn]
12/03/13 03:28:31 : 24763931050 words in 17.5722 secs;  1409269465 pass/sec :: [fqaagmdps,ftcenizsf]
12/03/13 03:28:43 : 24763931050 words in 11.6631 secs;  2123273250 pass/sec :: [fwupmhkbs,fzwttegef]
12/03/13 03:28:56 : 24763931050 words in 12.6732 secs;  1954045176 pass/sec :: [gdreodyeu,ggtivauhh]
12/03/13 03:29:10 : 24763931050 words in 14.5350 secs;  1703748002 pass/sec :: [gknndnicm,gnprkkeez]
12/03/13 03:29:30 : 24763931050 words in 19.6671 secs;  1259153590 pass/sec :: [gnrrgllwc,gqtvnihyp]
12/03/13 03:29:49 : 24763931050 words in 18.8809 secs;  1311584005 pass/sec :: [gunzvuvtu,gxqecrrwh]
12/03/13 03:30:08 : 24763931050 words in 19.1533 secs;  1292933264 pass/sec :: [hfanboeem,hicrilagz]
12/03/13 03:30:28 : 24763931050 words in 19.6486 secs;  1260338102 pass/sec :: [hlwcfkbma,hoygmgxon]
12/03/13 03:30:41 : 24763931050 words in 12.7984 secs;  1934917465 pass/sec :: [hwjckdshm,hzlgraojz]
12/03/13 03:30:52 : 24763931050 words in 11.4677 secs;  2159443229 pass/sec :: [hzpgjddse,icrkpzzur]
12/03/13 03:31:10 : 24763931050 words in 17.8614 secs;  1386452560 pass/sec :: [igloymnpw,ijntfjjsj]
12/03/13 03:31:29 : 24763931050 words in 19.1484 secs;  1293261430 pass/sec :: [inhecikxk,iqjijfgzx]
12/03/13 03:31:42 : 24763931050 words in 12.7320 secs;  1945011783 pass/sec :: [iuctgeiey,ixexnbehl]
12/03/13 03:32:02 : 24763931050 words in 20.0034 secs;  1237989055 pass/sec :: [ixgxjclyo,jajbpzibb]
12/03/13 03:32:22 : 24763931050 words in 20.1546 secs;  1228700897 pass/sec :: [jecgalfas,jhekhibdf]
12/03/13 03:32:41 : 24763931050 words in 18.6765 secs;  1325940891 pass/sec :: [jkzbouxje,jobfvrtlr]
12/03/13 03:33:00 : 24763931050 words in 19.5392 secs;  1267394986 pass/sec :: [jrvqqrlmg,juxuxohot]
12/03/13 03:33:20 : 24763931050 words in 19.2139 secs;  1288856415 pass/sec :: [jyrfunitu,kbtkbkewh]
12/03/13 03:33:39 : 24763931050 words in 19.0296 secs;  1301339294 pass/sec :: [kfnuwjwww,kipzdgszj]
12/03/13 03:33:56 : 24763931050 words in 17.6495 secs;  1403094847 pass/sec :: [kiryziaqm,kludgewsz]
12/03/13 03:34:16 : 24763931050 words in 19.6211 secs;  1262108387 pass/sec :: [kpmofdhcm,ksosmadez]
12/03/13 03:34:36 : 24763931050 words in 19.6686 secs;  1259059157 pass/sec :: [kwjdgzvfo,kzlhnwrib]
12/03/13 03:34:56 : 24763931050 words in 20.5647 secs;  1204195845 pass/sec :: [ldfsiwjiq,lghwptfld]
12/03/13 03:35:15 : 24763931050 words in 19.0386 secs;  1300719602 pass/sec :: [lgjwluncg,ljmasrjet]
12/03/13 03:35:34 : 24763931050 words in 18.5554 secs;  1334594014 pass/sec :: [lqwwqodxs,ltzaxlaaf]
12/03/13 03:35:49 : 24763931050 words in 14.7570 secs;  1678113403 pass/sec :: [lxtlsksau,mavpzhodh]
12/03/13 03:36:09 : 24763931050 words in 19.9780 secs;  1239560250 pass/sec :: [meqauhgdw,mhsfbecgj]
12/03/13 03:36:20 : 24763931050 words in 11.6732 secs;  2121425578 pass/sec :: [mlmjjqqbo,moonqnmeb]
12/03/13 03:36:40 : 24763931050 words in 19.4982 secs;  1270064689 pass/sec :: [mosniqbmg,mrurpmxot]
12/03/13 03:36:59 : 24763931050 words in 19.3236 secs;  1281537442 pass/sec :: [mvpckmppi,myrgrjlrv]
12/03/13 03:37:17 : 24763931050 words in 18.2535 secs;  1356668663 pass/sec :: [ncklbvirm,nfmpisetz]
12/03/13 03:37:37 : 24763931050 words in 19.5701 secs;  1265394374 pass/sec :: [njgtrespe,nmixyborr]
12/03/13 03:37:56 : 24763931050 words in 19.0751 secs;  1298230436 pass/sec :: [nqditbgsg,ntfmzycut]
12/03/13 03:38:08 : 24763931050 words in 11.7935 secs;  2099786156 pass/sec :: [nxaehkzas,oaciohvdf]
12/03/13 03:38:27 : 24763931050 words in 19.3125 secs;  1282274224 pass/sec :: [oafvhkcaq,odhzogydd]
12/03/13 03:38:47 : 24763931050 words in 19.3183 secs;  1281891235 pass/sec :: [oksozqoqs,onutgnktf]
12/03/13 03:39:06 : 24763931050 words in 19.5254 secs;  1268292627 pass/sec :: [onysyqabk,oraxfmwdx]
12/03/13 03:39:25 : 24763931050 words in 18.7595 secs;  1320072673 pass/sec :: [ouviamoem,oxxmhjkgz]
12/03/13 03:39:43 : 24763931050 words in 18.4748 secs;  1340420080 pass/sec :: [pbpxghuqm,pesbneqsz]
12/03/13 03:39:56 : 24763931050 words in 12.7839 secs;  1937113945 pass/sec :: [pewbfhgbe,phyfmecdr]
12/03/13 03:40:15 : 24763931050 words in 19.0967 secs;  1296763584 pass/sec :: [plsdidltm,pouhpahvz]
12/03/13 03:40:35 : 24763931050 words in 19.5165 secs;  1268872374 pass/sec :: [psnfmzaqg,pvpjtvwst]
12/03/13 03:40:55 : 24763931050 words in 20.6057 secs;  1201800802 pass/sec :: [pzjuovoti,qclyvskvv]
12/03/13 03:41:14 : 24763931050 words in 18.5711 secs;  1333468978 pass/sec :: [qggjqscwk,qjinxoyyx]
12/03/13 03:41:33 : 24763931050 words in 18.6439 secs;  1328256164 pass/sec :: [qnaywnjik,qqdddkfkx]
12/03/13 03:41:44 : 24763931050 words in 11.5864 secs;  2137335780 pass/sec :: [qqhcvmutc,qtjhcjqvp]
12/03/13 03:42:03 : 24763931050 words in 19.0305 secs;  1301278775 pass/sec :: [raudagloo,rdwhhdhrb]
12/03/13 03:42:23 : 24763931050 words in 19.5012 secs;  1269865936 pass/sec :: [rhqscczrq,rkswizvud]
12/03/13 03:42:40 : 24763931050 words in 17.5646 secs;  1409877638 pass/sec :: [ronhdznus,rrplkwjxf]
12/03/13 03:42:52 : 24763931050 words in 11.8884 secs;  2083035747 pass/sec :: [rvjwfwbxu,rymamsyah]
12/03/13 03:43:11 : 24763931050 words in 18.6239 secs;  1329688789 pass/sec :: [ryoaiufrk,sbqeprbtx]
12/03/13 03:43:30 : 24763931050 words in 18.9631 secs;  1305902781 pass/sec :: [sfkpkqtum,simtrnpwz]
12/03/13 03:43:49 : 24763931050 words in 19.4676 secs;  1272056599 pass/sec :: [smhemnhxo,spjitkeab]
12/03/13 03:44:09 : 24763931050 words in 19.0989 secs;  1296613182 pass/sec :: [stdnbwrvg,swfritnxt]
12/03/13 03:44:21 : 24763931050 words in 12.5071 secs;  1979993682 pass/sec :: [szzpesxno,tdbtlptqb]
12/03/13 03:44:41 : 24763931050 words in 19.5108 secs;  1269242022 pass/sec :: [tguxwbqps,tjxccymsf]
12/03/13 03:45:00 : 24763931050 words in 19.6765 secs;  1258554369 pass/sec :: [tnqmzxnxg,tqsrgujzt]
12/03/13 03:45:13 : 24763931050 words in 12.7426 secs;  1943400385 pass/sec :: [tumcdtleu,txogkqhhh]
12/03/13 03:45:32 : 24763931050 words in 18.9067 secs;  1309797828 pass/sec :: [ubirfpzhw,uekvmmvkj]
12/03/13 03:45:53 : 24763931050 words in 20.5956 secs;  1202387537 pass/sec :: [uifghmnky,ulhkojjnl]
12/03/13 03:46:13 : 24763931050 words in 20.1885 secs;  1226635328 pass/sec :: [uozpaupro,usbthrlub]
12/03/13 03:46:31 : 24763931050 words in 18.5677 secs;  1333711500 pass/sec :: [uvwecrduq,uyyijnzxd]
12/03/13 03:46:51 : 24763931050 words in 19.2034 secs;  1289560251 pass/sec :: [vcstenrxs,vfuxlkoaf]
12/03/13 03:47:10 : 24763931050 words in 19.5628 secs;  1265869983 pass/sec :: [vjpigkgau,vmrmnhcdh]
12/03/13 03:47:23 : 24763931050 words in 12.5312 secs;  1976186494 pass/sec :: [vqkklfuxo,vtmoscrab]
12/03/13 03:47:41 : 24763931050 words in 17.9279 secs;  1381309616 pass/sec :: [vxgmocapw,waiquywsj]
12/03/13 03:47:59 : 24763931050 words in 18.6651 secs;  1326748525 pass/sec :: [wedbpyosy,whffwvkvl]
12/03/13 03:48:13 : 24763931050 words in 13.8538 secs;  1787525353 pass/sec :: [whizckvyg,wkldjhsat]
12/03/13 03:48:32 : 24763931050 words in 19.1130 secs;  1295658211 pass/sec :: [wodoigckg,wrfspcymt]
12/03/13 03:48:47 : 24763931050 words in 14.6507 secs;  1690289037 pass/sec :: [wvadkcqni,wychqzmpv]
12/03/13 03:49:07 : 24763931050 words in 19.5421 secs;  1267211508 pass/sec :: [xbwfmywfq,xeyjtvsid]
12/03/13 03:49:26 : 24763931050 words in 19.6803 secs;  1258311486 pass/sec :: [xisuovkis,xluyvsglf]
12/03/13 03:49:38 : 24763931050 words in 11.7152 secs;  2113826775 pass/sec :: [xppdeeugk,xsrhlbqix]
12/03/13 03:49:52 : 24763931050 words in 13.9282 secs;  1777966588 pass/sec :: [xwlysomow,xzoczlirj]
12/03/13 03:50:04 : 24763931050 words in 11.8166 secs;  2095694306 pass/sec :: [ydiavkshe,ygkfchojr]
12/03/13 03:50:23 : 24763931050 words in 19.5911 secs;  1264037833 pass/sec :: [ygmlkwage,yjoprswir]
12/03/13 03:50:42 : 24763931050 words in 19.0153 secs;  1302313682 pass/sec :: [yniuafkdw,yqkyhcggj]
12/03/13 03:51:02 : 24763931050 words in 19.0746 secs;  1298269154 pass/sec :: [yuewdbpwe,yxhajylyr]
12/03/13 03:51:15 : 24763931050 words in 13.5793 secs;  1823647076 pass/sec :: [zazewjscu,zebjdgofh]
12/03/13 03:51:35 : 24763931050 words in 20.0638 secs;  1234259391 pass/sec :: [zefivjdnm,zhhncfzpz]
12/03/13 03:51:54 : 24763931050 words in 18.9645 secs;  1305802601 pass/sec :: [zlbrksnle,zodvrpjnr]
12/03/13 03:52:14 : 24763931050 words in 19.8021 secs;  1250568245 pass/sec :: [zryaabxiw,zvaegytlj]
12/03/13 03:52:24 : 9706197646 words in  9.5398 secs;  1017444178 pass/sec :: [zyupbylly,zzzzzzzzz]
12/03/13 03:52:43 : 24763931050 words in 19.0514 secs;  1299846590 pass/sec :: [aaabzwbhrc,aadeecydtp]
12/03/13 03:53:01 : 24763931050 words in 18.2014 secs;  1360553600 pass/sec :: [aagxcawwnw,aajzghtsqj]
12/03/13 03:53:20 : 24763931050 words in 18.5637 secs;  1333997438 pass/sec :: [aanrrgsczw,aaqtvnozcj]
12/03/13 03:53:38 : 24763931050 words in 18.4750 secs;  1340401709 pass/sec :: [aauogiorcy,aaxqkplnfl]
12/03/13 03:53:58 : 24763931050 words in 19.5134 secs;  1269071917 pass/sec :: [aaxukhocnq,abawookyqd]
12/03/13 03:54:17 : 24763931050 words in 19.1104 secs;  1295832787 pass/sec :: [abeqzjkqqs,abhtdqhmtf]
12/03/13 03:54:36 : 24763931050 words in 19.1776 secs;  1291294865 pass/sec :: [ablmbogfnm,aboofvdbpz]
12/03/13 03:54:55 : 24763931050 words in 19.4903 secs;  1270574854 pass/sec :: [absiqqctqo,abvkuwzptb]
12/03/13 03:55:14 : 24763931050 words in 18.5236 secs;  1336886374 pass/sec :: [abzessyziw,accgwzvvlj]
12/03/13 03:55:34 : 24763931050 words in 19.6512 secs;  1260176612 pass/sec :: [acgbhuvnly,acjdmbsjol]
12/03/13 03:55:54 : 24763931050 words in 20.5474 secs;  1205210361 pass/sec :: [acmvxaqtxy,acpybhnqal]
12/03/13 03:56:12 : 24763931050 words in 18.1199 secs;  1366671843 pass/sec :: [actsmcniba,acwuqjkedn]
12/03/13 03:56:32 : 24763931050 words in 19.5836 secs;  1264522198 pass/sec :: [acwyqbmtls,adaauijpof]
12/03/13 03:56:51 : 24763931050 words in 19.5509 secs;  1266640290 pass/sec :: [addtltvedc,adgvqasafp]
12/03/13 03:57:03 : 24763931050 words in 11.7888 secs;  2100632554 pass/sec :: [adkqavrsge,adnsfcooir]
12/03/13 03:57:22 : 24763931050 words in 18.9556 secs;  1306419555 pass/sec :: [adrmpxogjg,aduouelclt]
12/03/13 03:57:43 : 24763931050 words in 20.5877 secs;  1202852181 pass/sec :: [adyjezkumi,aebljghqov]
12/03/13 03:58:02 : 24763931050 words in 19.0202 secs;  1301981820 pass/sec :: [aeffubhipk,aeihyieerx]
12/03/13 03:58:15 : 24763931050 words in 13.4915 secs;  1835516887 pass/sec :: [aemcjddwsm,aepenkasuz]
12/03/13 03:58:35 : 24763931050 words in 19.2460 secs;  1286707954 pass/sec :: [aephafciww,aesjelzezj]
12/03/13 03:58:54 : 24763931050 words in 19.1786 secs;  1291227668 pass/sec :: [aewdpgywzy,aezftnvtcl]
12/03/13 03:59:13 : 24763931050 words in 19.4990 secs;  1270009715 pass/sec :: [afdaeivlda,afgcipshfn]
12/03/13 03:59:32 : 24763931050 words in 18.5952 secs;  1331738888 pass/sec :: [afjwmyevas,afmyrfbrdf]
12/03/13 03:59:52 : 24763931050 words in 19.7037 secs;  1256817361 pass/sec :: [afqtcabjdu,aftvggyfgh]
12/03/13 04:00:11 : 24763931050 words in 19.4681 secs;  1272027904 pass/sec :: [afxprbxxgw,agarviutjj]
12/03/13 04:00:29 : 24763931050 words in 18.1936 secs;  1361131343 pass/sec :: [agatvewbam,agdvzlsxcz]
12/03/13 04:00:48 : 24763931050 words in 18.8180 secs;  1315969981 pass/sec :: [aglgvjprvy,agoizqmnyl]
12/03/13 04:01:02 : 24763931050 words in 13.6618 secs;  1812636837 pass/sec :: [agsdklmfza,agvfosjcbn]
12/03/13 04:01:20 : 24763931050 words in 18.5671 secs;  1333756113 pass/sec :: [agvjoklrjs,agylsrinmf]
12/03/13 04:01:41 : 24763931050 words in 20.6344 secs;  1200125571 pass/sec :: [ahcedqgxvs,ahfghxdtyf]
12/03/13 04:02:01 : 24763931050 words in 20.1163 secs;  1231037155 pass/sec :: [ahjamfqhtk,ahmcqmndvx]
12/03/13 04:02:20 : 24763931050 words in 18.6899 secs;  1324990452 pass/sec :: [ahpxbhmvwm,ahszfojryz]
12/03/13 04:02:38 : 24763931050 words in 18.5257 secs;  1336731871 pass/sec :: [ahwtqjjjzo,ahzvuqggcb]
12/03/13 04:02:51 : 24763931050 words in 12.6737 secs;  1953959306 pass/sec :: [aidqflfycq,aigsjscufd]
12/03/13 04:03:09 : 24763931050 words in 18.1217 secs;  1366536682 pass/sec :: [aikmuncmfs,ainoytziif]
12/03/13 04:03:29 : 24763931050 words in 19.5250 secs;  1268317700 pass/sec :: [airjjozaiu,aiulnvvwlh]
12/03/13 04:03:47 : 24763931050 words in 18.3786 secs;  1347433526 pass/sec :: [aiunnrxeck,aixpryuaex]
12/03/13 04:04:07 : 24763931050 words in 20.1609 secs;  1228315435 pass/sec :: [ajfanwquxw,ajicsdnraj]
12/03/13 04:04:27 : 24763931050 words in 19.6079 secs;  1262954953 pass/sec :: [ajigljdcde,ajlippzyfr]
12/03/13 04:04:46 : 24763931050 words in 19.3157 secs;  1282059652 pass/sec :: [ajpbhblmuo,ajsdliiixb]
12/03/13 04:04:59 : 24763931050 words in 12.6671 secs;  1954984656 pass/sec :: [ajvywbirte,ajzbaifnvr]
12/03/13 04:05:11 : 24763931050 words in 11.6617 secs;  2123534316 pass/sec :: [akcvldffwg,akfxpkcbyt]
12/03/13 04:05:30 : 24763931050 words in 18.9632 secs;  1305894523 pass/sec :: [akjrahbddu,akmtenxzgh]
12/03/13 04:05:44 : 24763931050 words in 13.7767 secs;  1797526622 pass/sec :: [akqnpixrgw,aktptpunjj]
12/03/13 04:06:03 : 24763931050 words in 19.3016 secs;  1282998145 pass/sec :: [aktrtlvvam,akwtxssrcz]
12/03/13 04:06:19 : 24763931050 words in 16.5269 secs;  1498403074 pass/sec :: [alaoinsjdo,aldqmupfgb]
12/03/13 04:06:36 : 24763931050 words in 16.2883 secs;  1520351332 pass/sec :: [allbislzza,alodmziwbn]
12/03/13 04:06:55 : 24763931050 words in 19.0028 secs;  1303173629 pass/sec :: [alohgeyhei,alrjklvdgv]
12/03/13 04:07:12 : 24763931050 words in 16.9690 secs;  1459362414 pass/sec :: [alvdvguvhk,alyfznrrjx]
12/03/13 04:07:24 : 24763931050 words in 12.5338 secs;  1975767090 pass/sec :: [amfqozbhxm,amistfydzz]
12/03/13 04:07:38 : 24763931050 words in 13.7929 secs;  1795415010 pass/sec :: [ammlrdwwug,ampnvktswt]
12/03/13 04:07:56 : 24763931050 words in 17.9892 secs;  1376599898 pass/sec :: [amprbrivou,amstfyfrrh]
12/03/13 04:08:15 : 24763931050 words in 19.2397 secs;  1287128278 pass/sec :: [amwlkkqxvk,amznorntxx]
12/03/13 04:08:35 : 24763931050 words in 19.3157 secs;  1282059779 pass/sec :: [andhtaahtc,angjxgxdvp]
12/03/13 04:08:55 : 24763931050 words in 20.1192 secs;  1230858289 pass/sec :: [ankdoqjjga,annfsxgfin]
12/03/13 04:09:12 : 24763931050 words in 17.7480 secs;  1395304558 pass/sec :: [anradsfxjc,anuchzctlp]
12/03/13 04:09:32 : 24763931050 words in 19.0614 secs;  1299168615 pass/sec :: [anxusybdvc,aoawxexzxp]
12/03/13 04:09:43 : 24763931050 words in 11.6325 secs;  2128862288 pass/sec :: [aoerhzxrye,aohtmguoar]
12/03/13 04:09:43 : ########### Client Statistics #############
12/03/13 04:09:43 : Total Time   : 2949.368701
12/03/13 04:09:43 : Process Time : 2946.361579
12/03/13 04:09:43 : Sleep Time   : 0.000000
12/03/13 04:09:43 : Pass/Sec     : 2159443229
12/03/13 04:09:43 : ########### Client Statistics #############
12/03/13 04:09:43 : ########### Client Statistics #############
12/03/13 04:09:43 : Total Time   : 2949.368701
12/03/13 04:09:43 : Process Time : 2946.361579
12/03/13 04:09:43 : Sleep Time   : 0.000000
12/03/13 04:09:43 : Pass/Sec     : 2159443229
12/03/13 04:09:43 : ########### Client Statistics #############
